2026-04-22T02:24:01.245Z	Initializing build environment...
2026-04-22T02:24:03.167Z	Success: Finished initializing build environment
2026-04-22T02:24:03.957Z	Cloning repository...
2026-04-22T02:24:06.027Z	Restoring from dependencies cache
2026-04-22T02:24:06.028Z	Restoring from build output cache
2026-04-22T02:24:06.031Z	Detected the following tools from environment: npm@10.9.2, nodejs@22.16.0
2026-04-22T02:24:06.131Z	Installing project dependencies: npm clean-install --progress=false
2026-04-22T02:24:01.245Z	Initializing build environment...
2026-04-22T02:24:03.167Z	Success: Finished initializing build environment
2026-04-22T02:24:03.957Z	Cloning repository...
2026-04-22T02:24:06.027Z	Restoring from dependencies cache
2026-04-22T02:24:06.028Z	Restoring from build output cache
2026-04-22T02:24:06.031Z	Detected the following tools from environment: npm@10.9.2, nodejs@22.16.0
2026-04-22T02:24:06.131Z	Installing project dependencies: npm clean-install --progress=false
2026-04-22T02:24:20.170Z	
2026-04-22T02:24:20.170Z	added 440 packages, and audited 441 packages in 14s
2026-04-22T02:24:20.171Z	
2026-04-22T02:24:20.171Z	216 packages are looking for funding
2026-04-22T02:24:20.171Z	  run `npm fund` for details
2026-04-22T02:24:20.171Z	
2026-04-22T02:24:20.171Z	found 0 vulnerabilities
2026-04-22T02:24:20.474Z	Executing user build command: npm run build
2026-04-22T02:24:20.770Z	
2026-04-22T02:24:20.770Z	> template-nextjs@0.1.0 build
2026-04-22T02:24:20.771Z	> next build
2026-04-22T02:24:20.771Z	
2026-04-22T02:24:21.321Z	⚠ No build cache found. Please configure build caching for faster rebuilds. Read more: https://nextjs.org/docs/messages/no-cache
2026-04-22T02:24:21.326Z	Attention: Next.js now collects completely anonymous telemetry regarding usage.
2026-04-22T02:24:21.327Z	This information is used to shape Next.js' roadmap and prioritize features.
2026-04-22T02:24:21.327Z	You can learn more, including how to opt-out if you'd not like to participate in this anonymous program, by visiting the following URL:
2026-04-22T02:24:21.327Z	https://nextjs.org/telemetry
2026-04-22T02:24:21.327Z	
2026-04-22T02:24:21.348Z	▲ Next.js 16.2.3 (Turbopack)
2026-04-22T02:24:21.349Z	- Experiments (use with caution):
2026-04-22T02:24:21.349Z	  · optimizePackageImports
2026-04-22T02:24:21.349Z	
2026-04-22T02:24:21.455Z	  Creating an optimized production build ...
2026-04-22T02:24:31.379Z	✓ Compiled successfully in 9.6s
2026-04-22T02:24:31.386Z	  Running TypeScript ...
2026-04-22T02:24:37.043Z	  Finished TypeScript in 5.7s ...
2026-04-22T02:24:37.050Z	  Collecting page data using 1 worker ...
2026-04-22T02:24:37.622Z	  Generating static pages using 1 worker (0/25) ...
2026-04-22T02:24:37.698Z	⚠ metadataBase property in metadata export is not set for resolving social open graph or twitter images, using "http://localhost:3000". See https://nextjs.org/docs/app/api-reference/functions/generate-metadata#metadatabase
2026-04-22T02:24:37.702Z	⚠ Unsupported metadata viewport is configured in metadata export in /_not-found. Please move it to viewport export instead.
2026-04-22T02:24:37.702Z	Read more: https://nextjs.org/docs/app/api-reference/functions/generate-viewport
2026-04-22T02:24:37.832Z	⚠ Unsupported metadata viewport is configured in metadata export in /blog/[slug]. Please move it to viewport export instead.
2026-04-22T02:24:37.832Z	Read more: https://nextjs.org/docs/app/api-reference/functions/generate-viewport
2026-04-22T02:24:37.871Z	⚠ Unsupported metadata viewport is configured in metadata export in /about. Please move it to viewport export instead.
2026-04-22T02:24:37.871Z	Read more: https://nextjs.org/docs/app/api-reference/functions/generate-viewport
2026-04-22T02:24:37.934Z	⚠ Unsupported metadata viewport is configured in metadata export in /blog/[slug]. Please move it to viewport export instead.
2026-04-22T02:24:37.934Z	Read more: https://nextjs.org/docs/app/api-reference/functions/generate-viewport
2026-04-22T02:24:37.990Z	⚠ Unsupported metadata viewport is configured in metadata export in /blog/[slug]. Please move it to viewport export instead.
2026-04-22T02:24:37.990Z	Read more: https://nextjs.org/docs/app/api-reference/functions/generate-viewport
2026-04-22T02:24:38.032Z	⚠ Unsupported metadata viewport is configured in metadata export in /blog/[slug]. Please move it to viewport export instead.
2026-04-22T02:24:38.032Z	Read more: https://nextjs.org/docs/app/api-reference/functions/generate-viewport
2026-04-22T02:24:38.072Z	⚠ Unsupported metadata viewport is configured in metadata export in /blog/[slug]. Please move it to viewport export instead.
2026-04-22T02:24:38.072Z	Read more: https://nextjs.org/docs/app/api-reference/functions/generate-viewport
2026-04-22T02:24:38.215Z	  Generating static pages using 1 worker (6/25) 
2026-04-22T02:24:38.235Z	⚠ Unsupported metadata viewport is configured in metadata export in /blog. Please move it to viewport export instead.
2026-04-22T02:24:38.235Z	Read more: https://nextjs.org/docs/app/api-reference/functions/generate-viewport
2026-04-22T02:24:38.246Z	⚠ Unsupported metadata viewport is configured in metadata export in /chatbot. Please move it to viewport export instead.
2026-04-22T02:24:38.246Z	Read more: https://nextjs.org/docs/app/api-reference/functions/generate-viewport
2026-04-22T02:24:38.258Z	⚠ Unsupported metadata viewport is configured in metadata export in /contact. Please move it to viewport export instead.
2026-04-22T02:24:38.258Z	Read more: https://nextjs.org/docs/app/api-reference/functions/generate-viewport
2026-04-22T02:24:38.267Z	⚠ Unsupported metadata viewport is configured in metadata export in /designs. Please move it to viewport export instead.
2026-04-22T02:24:38.267Z	Read more: https://nextjs.org/docs/app/api-reference/functions/generate-viewport
2026-04-22T02:24:38.275Z	⚠ Unsupported metadata viewport is configured in metadata export in /faq. Please move it to viewport export instead.
2026-04-22T02:24:38.275Z	Read more: https://nextjs.org/docs/app/api-reference/functions/generate-viewport
2026-04-22T02:24:38.290Z	⚠ Unsupported metadata viewport is configured in metadata export in /features. Please move it to viewport export instead.
2026-04-22T02:24:38.290Z	Read more: https://nextjs.org/docs/app/api-reference/functions/generate-viewport
2026-04-22T02:24:38.298Z	⚠ Unsupported metadata viewport is configured in metadata export in /integrations. Please move it to viewport export instead.
2026-04-22T02:24:38.298Z	Read more: https://nextjs.org/docs/app/api-reference/functions/generate-viewport
2026-04-22T02:24:38.356Z	  Generating static pages using 1 worker (12/25) 
2026-04-22T02:24:38.367Z	⚠ Unsupported metadata viewport is configured in metadata export in /. Please move it to viewport export instead.
2026-04-22T02:24:38.367Z	Read more: https://nextjs.org/docs/app/api-reference/functions/generate-viewport
2026-04-22T02:24:38.378Z	⚠ Unsupported metadata viewport is configured in metadata export in /pricing. Please move it to viewport export instead.
2026-04-22T02:24:38.378Z	Read more: https://nextjs.org/docs/app/api-reference/functions/generate-viewport
2026-04-22T02:24:38.396Z	⚠ Unsupported metadata viewport is configured in metadata export in /services/[slug]. Please move it to viewport export instead.
2026-04-22T02:24:38.396Z	Read more: https://nextjs.org/docs/app/api-reference/functions/generate-viewport
2026-04-22T02:24:38.403Z	⚠ Unsupported metadata viewport is configured in metadata export in /services/[slug]. Please move it to viewport export instead.
2026-04-22T02:24:38.403Z	Read more: https://nextjs.org/docs/app/api-reference/functions/generate-viewport
2026-04-22T02:24:38.409Z	⚠ Unsupported metadata viewport is configured in metadata export in /services. Please move it to viewport export instead.
2026-04-22T02:24:38.409Z	Read more: https://nextjs.org/docs/app/api-reference/functions/generate-viewport
2026-04-22T02:24:38.416Z	⚠ Unsupported metadata viewport is configured in metadata export in /team/[slug]. Please move it to viewport export instead.
2026-04-22T02:24:38.417Z	Read more: https://nextjs.org/docs/app/api-reference/functions/generate-viewport
2026-04-22T02:24:38.421Z	⚠ Unsupported metadata viewport is configured in metadata export in /team/[slug]. Please move it to viewport export instead.
2026-04-22T02:24:38.421Z	Read more: https://nextjs.org/docs/app/api-reference/functions/generate-viewport
2026-04-22T02:24:38.427Z	⚠ Unsupported metadata viewport is configured in metadata export in /team/[slug]. Please move it to viewport export instead.
2026-04-22T02:24:38.427Z	Read more: https://nextjs.org/docs/app/api-reference/functions/generate-viewport
2026-04-22T02:24:38.490Z	  Generating static pages using 1 worker (18/25) 
2026-04-22T02:24:38.494Z	⚠ Unsupported metadata viewport is configured in metadata export in /team. Please move it to viewport export instead.
2026-04-22T02:24:38.494Z	Read more: https://nextjs.org/docs/app/api-reference/functions/generate-viewport
2026-04-22T02:24:38.514Z	✓ Generating static pages using 1 worker (25/25) in 892ms
2026-04-22T02:24:38.525Z	  Finalizing page optimization ...
2026-04-22T02:24:39.041Z	
2026-04-22T02:24:39.043Z	Route (app)
2026-04-22T02:24:39.044Z	┌ ○ /
2026-04-22T02:24:39.044Z	├ ○ /_not-found
2026-04-22T02:24:39.044Z	├ ○ /about
2026-04-22T02:24:39.044Z	├ ○ /blog
2026-04-22T02:24:39.044Z	├ ● /blog/[slug]
2026-04-22T02:24:39.044Z	│ ├ /blog/2025-ecommerce-trends
2026-04-22T02:24:39.045Z	│ ├ /blog/how-to-choose-platform
2026-04-22T02:24:39.045Z	│ ├ /blog/seo-optimization-tips
2026-04-22T02:24:39.045Z	│ └ [+2 more paths]
2026-04-22T02:24:39.045Z	├ ○ /chatbot
2026-04-22T02:24:39.046Z	├ ○ /contact
2026-04-22T02:24:39.046Z	├ ○ /designs
2026-04-22T02:24:39.046Z	├ ○ /faq
2026-04-22T02:24:39.046Z	├ ○ /features
2026-04-22T02:24:39.046Z	├ ○ /integrations
2026-04-22T02:24:39.046Z	├ ○ /pricing
2026-04-22T02:24:39.046Z	├ ○ /services
2026-04-22T02:24:39.046Z	├ ● /services/[slug]
2026-04-22T02:24:39.046Z	│ ├ /services/website
2026-04-22T02:24:39.046Z	│ └ /services/miniprogram
2026-04-22T02:24:39.046Z	├ ○ /team
2026-04-22T02:24:39.046Z	└ ● /team/[slug]
2026-04-22T02:24:39.046Z	  ├ /team/member-1
2026-04-22T02:24:39.046Z	  ├ /team/member-2
2026-04-22T02:24:39.046Z	  └ /team/member-3
2026-04-22T02:24:39.046Z	
2026-04-22T02:24:39.046Z	
2026-04-22T02:24:39.047Z	○  (Static)  prerendered as static content
2026-04-22T02:24:39.047Z	●  (SSG)     prerendered as static HTML (uses generateStaticParams)
2026-04-22T02:24:39.047Z	
2026-04-22T02:24:39.109Z	Success: Build command completed
2026-04-22T02:24:39.447Z	Executing user deploy command: npx wrangler deploy
2026-04-22T02:24:41.232Z	npm warn exec The following package was not found and will be installed: wrangler@4.84.1
2026-04-22T02:24:51.238Z	
2026-04-22T02:24:51.239Z	 ⛅️ wrangler 4.84.1
2026-04-22T02:24:51.239Z	───────────────────
2026-04-22T02:24:51.444Z	
2026-04-22T02:24:51.445Z	Detected Project Settings:
2026-04-22T02:24:51.445Z	 - Worker Name: surmox
2026-04-22T02:24:51.446Z	 - Framework: Next.js
2026-04-22T02:24:51.446Z	 - Build Command: npm run build
2026-04-22T02:24:51.447Z	 - Output Directory: .next
2026-04-22T02:24:51.447Z	
2026-04-22T02:24:51.449Z	? Do you want to modify these settings?
2026-04-22T02:24:51.449Z	🤖 Using fallback value in non-interactive context: no
2026-04-22T02:24:51.458Z	
2026-04-22T02:24:51.458Z	📦 Install packages:
2026-04-22T02:24:51.458Z	 - wrangler (devDependency)
2026-04-22T02:24:51.458Z	
2026-04-22T02:24:51.458Z	📝 Update package.json scripts:
2026-04-22T02:24:51.459Z	 - "deploy": "opennextjs-cloudflare build && opennextjs-cloudflare deploy"
2026-04-22T02:24:51.459Z	 - "preview": "opennextjs-cloudflare build && opennextjs-cloudflare preview"
2026-04-22T02:24:51.459Z	
2026-04-22T02:24:51.459Z	📄 Create wrangler.jsonc:
2026-04-22T02:24:51.459Z	  {
2026-04-22T02:24:51.459Z	    "$schema": "node_modules/wrangler/config-schema.json",
2026-04-22T02:24:51.459Z	    "name": "surmox",
2026-04-22T02:24:51.459Z	    "compatibility_date": "2026-04-22",
2026-04-22T02:24:51.460Z	    "observability": {
2026-04-22T02:24:51.460Z	      "enabled": true
2026-04-22T02:24:51.460Z	    },
2026-04-22T02:24:51.460Z	    "compatibility_flags": [
2026-04-22T02:24:51.460Z	      "nodejs_compat"
2026-04-22T02:24:51.460Z	    ]
2026-04-22T02:24:51.461Z	  }
2026-04-22T02:24:51.466Z	
2026-04-22T02:24:51.466Z	🛠️  Configuring project for Next.js with OpenNext by running `@opennextjs/cloudflare migrate`
2026-04-22T02:24:51.466Z	
2026-04-22T02:24:51.466Z	? Proceed with setup?
2026-04-22T02:24:51.466Z	🤖 Using fallback value in non-interactive context: yes
2026-04-22T02:24:57.628Z	npm warn exec The following package was not found and will be installed: @opennextjs/cloudflare@1.19.3
2026-04-22T02:25:21.188Z	npm warn deprecated node-domexception@1.0.0: Use your platform's native DOMException instead
2026-04-22T02:25:22.098Z	npm warn deprecated glob@9.3.5: Old versions of glob are not supported, and contain widely publicized security vulnerabilities, which have been fixed in the current version. Please update. Support for old versions may be purchased (at exorbitant rates) by contacting i@izs.me
2026-04-22T02:25:33.292Z	
2026-04-22T02:25:33.293Z	┌───────────────────────────────┐
2026-04-22T02:25:33.293Z	│ OpenNext — Cloudflare migrate │
2026-04-22T02:25:33.294Z	└───────────────────────────────┘
2026-04-22T02:25:33.294Z	
2026-04-22T02:25:33.294Z	🚀 Setting up the OpenNext Cloudflare adapter...
2026-04-22T02:25:33.294Z	
2026-04-22T02:25:33.302Z	⚙️  Installing dependencies...
2026-04-22T02:25:33.303Z	
2026-04-22T02:25:33.532Z	npm warn using --force Recommended protections disabled.
2026-04-22T02:25:40.394Z	npm warn deprecated node-domexception@1.0.0: Use your platform's native DOMException instead
2026-04-22T02:25:40.630Z	npm warn deprecated glob@9.3.5: Old versions of glob are not supported, and contain widely publicized security vulnerabilities, which have been fixed in the current version. Please update. Support for old versions may be purchased (at exorbitant rates) by contacting i@izs.me
2026-04-22T02:25:43.460Z	
2026-04-22T02:25:43.460Z	added 274 packages, and audited 742 packages in 10s
2026-04-22T02:25:43.461Z	
2026-04-22T02:25:43.461Z	264 packages are looking for funding
2026-04-22T02:25:43.461Z	  run `npm fund` for details
2026-04-22T02:25:43.461Z	
2026-04-22T02:25:43.462Z	found 0 vulnerabilities
2026-04-22T02:25:43.657Z	npm warn using --force Recommended protections disabled.
2026-04-22T02:25:45.751Z	
2026-04-22T02:25:45.751Z	added 1 package, and audited 743 packages in 2s
2026-04-22T02:25:45.751Z	
2026-04-22T02:25:45.751Z	264 packages are looking for funding
2026-04-22T02:25:45.751Z	  run `npm fund` for details
2026-04-22T02:25:45.752Z	
2026-04-22T02:25:45.752Z	found 0 vulnerabilities
2026-04-22T02:25:45.775Z	⚙️  Creating wrangler.jsonc...
2026-04-22T02:25:45.775Z	
2026-04-22T02:25:47.722Z	WARN Failed to set up cache for your project.
2026-04-22T02:25:47.723Z	After the migration completes, please manually setup cache in  wrangler.jsonc and open-next.config.ts files (for more details see: https://opennext.js.org/cloudflare/caching).
2026-04-22T02:25:47.723Z	
2026-04-22T02:25:47.723Z	⚙️  Creating open-next.config.ts...
2026-04-22T02:25:47.723Z	
2026-04-22T02:25:47.734Z	⚙️  Creating .dev.vars file...
2026-04-22T02:25:47.734Z	
2026-04-22T02:25:47.735Z	⚙️  Creating public/_headers file...
2026-04-22T02:25:47.735Z	
2026-04-22T02:25:47.735Z	⚙️  Updating package.json scripts...
2026-04-22T02:25:47.735Z	
2026-04-22T02:25:47.735Z	⚙️  Updating .gitignore file...
2026-04-22T02:25:47.735Z	
2026-04-22T02:25:47.735Z	⚙️  Updating Next.js config...
2026-04-22T02:25:47.736Z	
2026-04-22T02:25:47.736Z	⚙️  Checking for edge runtime usage...
2026-04-22T02:25:47.736Z	
2026-04-22T02:25:47.742Z	🎉 OpenNext Cloudflare adapter complete!
2026-04-22T02:25:47.742Z	
2026-04-22T02:25:47.743Z	Next steps:
2026-04-22T02:25:47.743Z	- Run: "npm run preview" to build and preview your Cloudflare application locally
2026-04-22T02:25:47.743Z	- Run: "npm run deploy" to deploy your application to Cloudflare Workers
2026-04-22T02:25:47.743Z	- ⚠️  Setup cache, see https://opennext.js.org/cloudflare/caching for more details
2026-04-22T02:25:47.743Z	
2026-04-22T02:25:47.856Z	├ Adding Wrangler files to the .gitignore file
2026-04-22T02:25:47.856Z	│ updated .gitignore file
2026-04-22T02:25:47.856Z	│
2026-04-22T02:25:47.857Z	[build] Running: npx opennextjs-cloudflare build
2026-04-22T02:25:49.852Z	[build] 
2026-04-22T02:25:49.853Z	[build] ┌─────────────────────────────┐
2026-04-22T02:25:49.853Z	[build] │ OpenNext — Cloudflare build │
2026-04-22T02:25:49.853Z	[build] └─────────────────────────────┘
2026-04-22T02:25:49.853Z	[build] 
2026-04-22T02:25:49.853Z	[build] 
2026-04-22T02:25:49.960Z	[build] App directory: /opt/buildhome/repo
2026-04-22T02:25:49.960Z	[build] 
2026-04-22T02:25:49.960Z	[build] Next.js version : 16.2.3
2026-04-22T02:25:49.960Z	[build] 
2026-04-22T02:25:49.963Z	[build] @opennextjs/cloudflare version: 1.19.3
2026-04-22T02:25:49.963Z	[build] 
2026-04-22T02:25:49.963Z	[build] @opennextjs/aws version: 3.10.2
2026-04-22T02:25:49.963Z	[build] 
2026-04-22T02:25:49.965Z	[build] 
2026-04-22T02:25:49.966Z	[build] ┌─────────────────────────────────┐
2026-04-22T02:25:49.966Z	[build] │ OpenNext — Building Next.js app │
2026-04-22T02:25:49.966Z	[build] └─────────────────────────────────┘
2026-04-22T02:25:49.966Z	[build] 
2026-04-22T02:25:49.966Z	[build] 
2026-04-22T02:25:50.134Z	[build] 
2026-04-22T02:25:50.134Z	[build] > template-nextjs@0.1.0 build
2026-04-22T02:25:50.134Z	[build] > next build
2026-04-22T02:25:50.134Z	[build] 
2026-04-22T02:25:50.134Z	[build] 
2026-04-22T02:25:50.842Z	[build] ▲ Next.js 16.2.3 (Turbopack)
2026-04-22T02:25:50.842Z	[build] 
2026-04-22T02:25:50.842Z	[build] - Experiments (use with caution):
2026-04-22T02:25:50.843Z	[build]   · optimizePackageImports
2026-04-22T02:25:50.843Z	[build] 
2026-04-22T02:25:50.843Z	[build] 
2026-04-22T02:25:51.869Z	[build] Using secrets defined in .dev.vars
2026-04-22T02:25:51.871Z	[build] 
2026-04-22T02:25:51.902Z	[build]   Creating an optimized production build ...
2026-04-22T02:25:51.903Z	[build] 
2026-04-22T02:26:01.323Z	[build] ✓ Compiled successfully in 9.1s
2026-04-22T02:26:01.323Z	[build] 
2026-04-22T02:26:01.327Z	[build]   Running TypeScript ...
2026-04-22T02:26:01.330Z	[build] 
2026-04-22T02:26:08.175Z	[build]   Finished TypeScript in 6.8s ...
2026-04-22T02:26:08.176Z	[build] 
2026-04-22T02:26:08.180Z	[build]   Collecting page data using 1 worker ...
2026-04-22T02:26:08.182Z	[build] 
2026-04-22T02:26:08.742Z	[build]   Generating static pages using 1 worker (0/25) ...
2026-04-22T02:26:08.742Z	[build] 
2026-04-22T02:26:08.862Z	[build] ⚠ metadataBase property in metadata export is not set for resolving social open graph or twitter images, using "http://localhost:3000". See https://nextjs.org/docs/app/api-reference/functions/generate-metadata#metadatabase
2026-04-22T02:26:08.862Z	[build] 
2026-04-22T02:26:08.862Z	[build] ⚠ Unsupported metadata viewport is configured in metadata export in /about. Please move it to viewport export instead.
2026-04-22T02:26:08.862Z	[build] Read more: https://nextjs.org/docs/app/api-reference/functions/generate-viewport
2026-04-22T02:26:08.862Z	[build] 
2026-04-22T02:26:08.958Z	[build] ⚠ Unsupported metadata viewport is configured in metadata export in /blog/[slug]. Please move it to viewport export instead.
2026-04-22T02:26:08.958Z	[build] Read more: https://nextjs.org/docs/app/api-reference/functions/generate-viewport
2026-04-22T02:26:08.958Z	[build] 
2026-04-22T02:26:09.030Z	[build] ⚠ Unsupported metadata viewport is configured in metadata export in /blog/[slug]. Please move it to viewport export instead.
2026-04-22T02:26:09.034Z	[build] Read more: https://nextjs.org/docs/app/api-reference/functions/generate-viewport
2026-04-22T02:26:09.034Z	[build] 
2026-04-22T02:26:09.073Z	[build] ⚠ Unsupported metadata viewport is configured in metadata export in /blog/[slug]. Please move it to viewport export instead.
2026-04-22T02:26:09.073Z	[build] Read more: https://nextjs.org/docs/app/api-reference/functions/generate-viewport
2026-04-22T02:26:09.074Z	[build] 
2026-04-22T02:26:09.097Z	[build] ⚠ Unsupported metadata viewport is configured in metadata export in /blog/[slug]. Please move it to viewport export instead.
2026-04-22T02:26:09.101Z	[build] Read more: https://nextjs.org/docs/app/api-reference/functions/generate-viewport
2026-04-22T02:26:09.101Z	[build] 
2026-04-22T02:26:09.131Z	[build] ⚠ Unsupported metadata viewport is configured in metadata export in /blog/[slug]. Please move it to viewport export instead.
2026-04-22T02:26:09.131Z	[build] Read more: https://nextjs.org/docs/app/api-reference/functions/generate-viewport
2026-04-22T02:26:09.131Z	[build] 
2026-04-22T02:26:09.146Z	[build] ⚠ Unsupported metadata viewport is configured in metadata export in /_not-found. Please move it to viewport export instead.
2026-04-22T02:26:09.146Z	[build] Read more: https://nextjs.org/docs/app/api-reference/functions/generate-viewport
2026-04-22T02:26:09.146Z	[build] 
2026-04-22T02:26:09.259Z	[build]   Generating static pages using 1 worker (6/25) 
2026-04-22T02:26:09.259Z	[build] 
2026-04-22T02:26:09.281Z	[build] ⚠ Unsupported metadata viewport is configured in metadata export in /blog. Please move it to viewport export instead.
2026-04-22T02:26:09.282Z	[build] Read more: https://nextjs.org/docs/app/api-reference/functions/generate-viewport
2026-04-22T02:26:09.286Z	[build] 
2026-04-22T02:26:09.292Z	[build] ⚠ Unsupported metadata viewport is configured in metadata export in /chatbot. Please move it to viewport export instead.
2026-04-22T02:26:09.292Z	[build] Read more: https://nextjs.org/docs/app/api-reference/functions/generate-viewport
2026-04-22T02:26:09.292Z	[build] 
2026-04-22T02:26:09.302Z	[build] ⚠ Unsupported metadata viewport is configured in metadata export in /contact. Please move it to viewport export instead.
2026-04-22T02:26:09.302Z	[build] Read more: https://nextjs.org/docs/app/api-reference/functions/generate-viewport
2026-04-22T02:26:09.302Z	[build] 
2026-04-22T02:26:09.308Z	[build] ⚠ Unsupported metadata viewport is configured in metadata export in /designs. Please move it to viewport export instead.
2026-04-22T02:26:09.308Z	[build] Read more: https://nextjs.org/docs/app/api-reference/functions/generate-viewport
2026-04-22T02:26:09.308Z	[build] 
2026-04-22T02:26:09.324Z	[build] ⚠ Unsupported metadata viewport is configured in metadata export in /faq. Please move it to viewport export instead.
2026-04-22T02:26:09.324Z	[build] Read more: https://nextjs.org/docs/app/api-reference/functions/generate-viewport
2026-04-22T02:26:09.324Z	[build] 
2026-04-22T02:26:09.338Z	[build] ⚠ Unsupported metadata viewport is configured in metadata export in /features. Please move it to viewport export instead.
2026-04-22T02:26:09.339Z	[build] Read more: https://nextjs.org/docs/app/api-reference/functions/generate-viewport
2026-04-22T02:26:09.341Z	[build] 
2026-04-22T02:26:09.358Z	[build] ⚠ Unsupported metadata viewport is configured in metadata export in /integrations. Please move it to viewport export instead.
2026-04-22T02:26:09.358Z	[build] Read more: https://nextjs.org/docs/app/api-reference/functions/generate-viewport
2026-04-22T02:26:09.358Z	[build] 
2026-04-22T02:26:09.408Z	[build]   Generating static pages using 1 worker (12/25) 
2026-04-22T02:26:09.408Z	[build] 
2026-04-22T02:26:09.420Z	[build] ⚠ Unsupported metadata viewport is configured in metadata export in /. Please move it to viewport export instead.
2026-04-22T02:26:09.420Z	[build] Read more: https://nextjs.org/docs/app/api-reference/functions/generate-viewport
2026-04-22T02:26:09.420Z	[build] 
2026-04-22T02:26:09.438Z	[build] ⚠ Unsupported metadata viewport is configured in metadata export in /pricing. Please move it to viewport export instead.
2026-04-22T02:26:09.438Z	[build] Read more: https://nextjs.org/docs/app/api-reference/functions/generate-viewport
2026-04-22T02:26:09.438Z	[build] 
2026-04-22T02:26:09.455Z	[build] ⚠ Unsupported metadata viewport is configured in metadata export in /services/[slug]. Please move it to viewport export instead.
2026-04-22T02:26:09.455Z	[build] Read more: https://nextjs.org/docs/app/api-reference/functions/generate-viewport
2026-04-22T02:26:09.456Z	[build] 
2026-04-22T02:26:09.460Z	[build] ⚠ Unsupported metadata viewport is configured in metadata export in /services/[slug]. Please move it to viewport export instead.
2026-04-22T02:26:09.462Z	[build] Read more: https://nextjs.org/docs/app/api-reference/functions/generate-viewport
2026-04-22T02:26:09.463Z	[build] 
2026-04-22T02:26:09.467Z	[build] ⚠ Unsupported metadata viewport is configured in metadata export in /services. Please move it to viewport export instead.
2026-04-22T02:26:09.467Z	[build] Read more: https://nextjs.org/docs/app/api-reference/functions/generate-viewport
2026-04-22T02:26:09.467Z	[build] 
2026-04-22T02:26:09.474Z	[build] ⚠ Unsupported metadata viewport is configured in metadata export in /team/[slug]. Please move it to viewport export instead.
2026-04-22T02:26:09.474Z	[build] Read more: https://nextjs.org/docs/app/api-reference/functions/generate-viewport
2026-04-22T02:26:09.474Z	[build] 
2026-04-22T02:26:09.479Z	[build] ⚠ Unsupported metadata viewport is configured in metadata export in /team/[slug]. Please move it to viewport export instead.
2026-04-22T02:26:09.480Z	[build] Read more: https://nextjs.org/docs/app/api-reference/functions/generate-viewport
2026-04-22T02:26:09.480Z	[build] 
2026-04-22T02:26:09.488Z	[build] ⚠ Unsupported metadata viewport is configured in metadata export in /team/[slug]. Please move it to viewport export instead.
2026-04-22T02:26:09.488Z	[build] Read more: https://nextjs.org/docs/app/api-reference/functions/generate-viewport
2026-04-22T02:26:09.488Z	[build] 
2026-04-22T02:26:09.549Z	[build]   Generating static pages using 1 worker (18/25) 
2026-04-22T02:26:09.550Z	[build] 
2026-04-22T02:26:09.555Z	[build] ⚠ Unsupported metadata viewport is configured in metadata export in /team. Please move it to viewport export instead.
2026-04-22T02:26:09.555Z	[build] Read more: https://nextjs.org/docs/app/api-reference/functions/generate-viewport
2026-04-22T02:26:09.555Z	[build] 
2026-04-22T02:26:09.566Z	[build] ✓ Generating static pages using 1 worker (25/25) in 828ms
2026-04-22T02:26:09.566Z	[build] 
2026-04-22T02:26:09.575Z	[build]   Finalizing page optimization ...
2026-04-22T02:26:09.575Z	[build] 
2026-04-22T02:26:10.121Z	[build] 
2026-04-22T02:26:10.121Z	[build] Route (app)
2026-04-22T02:26:10.121Z	[build] ┌ ○ /
2026-04-22T02:26:10.122Z	[build] ├ ○ /_not-found
2026-04-22T02:26:10.122Z	[build] ├ ○ /about
2026-04-22T02:26:10.122Z	[build] ├ ○ /blog
2026-04-22T02:26:10.122Z	[build] ├ ● /blog/[slug]
2026-04-22T02:26:10.123Z	[build] │ ├ /blog/2025-ecommerce-trends
2026-04-22T02:26:10.126Z	[build] │ ├ /blog/how-to-choose-platform
2026-04-22T02:26:10.126Z	[build] │ ├ /blog/seo-optimization-tips
2026-04-22T02:26:10.126Z	[build] │ └ [+2 more paths]
2026-04-22T02:26:10.126Z	[build] ├ ○ /chatbot
2026-04-22T02:26:10.126Z	[build] ├ ○ /contact
2026-04-22T02:26:10.126Z	[build] ├ ○ /designs
2026-04-22T02:26:10.126Z	[build] ├ ○ /faq
2026-04-22T02:26:10.126Z	[build] ├ ○ /features
2026-04-22T02:26:10.126Z	[build] ├ ○ /integrations
2026-04-22T02:26:10.126Z	[build] ├ ○ /pricing
2026-04-22T02:26:10.126Z	[build] ├ ○ /services
2026-04-22T02:26:10.126Z	[build] ├ ● /services/[slug]
2026-04-22T02:26:10.127Z	[build] │ ├ /services/website
2026-04-22T02:26:10.127Z	[build] │ └ /services/miniprogram
2026-04-22T02:26:10.127Z	[build] ├ ○ /team
2026-04-22T02:26:10.127Z	[build] └ ● /team/[slug]
2026-04-22T02:26:10.127Z	[build]   ├ /team/member-1
2026-04-22T02:26:10.127Z	[build]   ├ /team/member-2
2026-04-22T02:26:10.127Z	[build]   └ /team/member-3
2026-04-22T02:26:10.127Z	[build] 
2026-04-22T02:26:10.127Z	[build] 
2026-04-22T02:26:10.127Z	[build] ○  (Static)  prerendered as static content
2026-04-22T02:26:10.127Z	[build] ●  (SSG)     prerendered as static HTML (uses generateStaticParams)
2026-04-22T02:26:10.127Z	[build] 
2026-04-22T02:26:10.127Z	[build] 
2026-04-22T02:26:10.226Z	[build] 
2026-04-22T02:26:10.227Z	[build] ┌──────────────────────────────┐
2026-04-22T02:26:10.227Z	[build] │ OpenNext — Generating bundle │
2026-04-22T02:26:10.228Z	[build] └──────────────────────────────┘
2026-04-22T02:26:10.228Z	[build] 
2026-04-22T02:26:10.228Z	[build] 
2026-04-22T02:26:10.357Z	[build] Bundling middleware function...
2026-04-22T02:26:10.360Z	[build] 
2026-04-22T02:26:10.421Z	[build] Bundling static assets...
2026-04-22T02:26:10.421Z	[build] 
2026-04-22T02:26:10.563Z	[build] Bundling cache assets...
2026-04-22T02:26:10.563Z	[build] 
2026-04-22T02:26:10.619Z	[build] Building server function: default...
2026-04-22T02:26:10.619Z	[build] 
2026-04-22T02:26:14.141Z	[build] Applying code patches: 3.242s
2026-04-22T02:26:14.141Z	[build] 
2026-04-22T02:26:14.495Z	[build] # copyPackageTemplateFiles
2026-04-22T02:26:14.495Z	[build] ⚙️ Bundling the OpenNext server...
2026-04-22T02:26:14.496Z	[build] 
2026-04-22T02:26:14.496Z	[build] 
2026-04-22T02:26:17.085Z	[build] Worker saved in `.open-next/worker.js` 🚀
2026-04-22T02:26:17.086Z	[build] 
2026-04-22T02:26:17.087Z	[build] 
2026-04-22T02:26:17.087Z	[build] OpenNext build complete.
2026-04-22T02:26:17.088Z	[build] 
2026-04-22T02:26:17.248Z	OpenNext project detected, calling `opennextjs-cloudflare deploy`
2026-04-22T02:26:20.886Z	
2026-04-22T02:26:20.886Z	┌──────────────────────────────┐
2026-04-22T02:26:20.886Z	│ OpenNext — Cloudflare deploy │
2026-04-22T02:26:20.886Z	└──────────────────────────────┘
2026-04-22T02:26:20.886Z	
2026-04-22T02:26:20.947Z	Using secrets defined in .dev.vars
2026-04-22T02:26:21.445Z	Incremental cache does not need populating
2026-04-22T02:26:21.445Z	Tag cache does not need populating
2026-04-22T02:26:22.834Z	
2026-04-22T02:26:22.834Z	 ⛅️ wrangler 4.84.1
2026-04-22T02:26:22.835Z	───────────────────
2026-04-22T02:26:22.842Z	
2026-04-22T02:26:22.842Z	Cloudflare collects anonymous telemetry about your usage of Wrangler. Learn more at https://github.com/cloudflare/workers-sdk/tree/main/packages/wrangler/telemetry.md
2026-04-22T02:26:24.753Z	🌀 Building list of assets...
2026-04-22T02:26:24.759Z	✨ Read 268 files from the assets directory /opt/buildhome/repo/.open-next/assets
2026-04-22T02:26:25.000Z	🌀 Starting asset upload...
2026-04-22T02:26:27.472Z	🌀 Found 255 new or modified static assets to upload. Proceeding with upload...
2026-04-22T02:26:27.472Z	+ /BUILD_ID
2026-04-22T02:26:27.472Z	+ /images/demo-img/footer-line2.png
2026-04-22T02:26:27.472Z	+ /_next/static/xqAE5v8nor8KMSppnhpPk/_ssgManifest.js
2026-04-22T02:26:27.472Z	+ /images/demo-img/process-line.png
2026-04-22T02:26:27.472Z	+ /images/demo-img/binifits-icon23.png
2026-04-22T02:26:27.472Z	+ /images/demo-img/brand-line1.png
2026-04-22T02:26:27.472Z	+ /images/demo-img/brand-line2.png
2026-04-22T02:26:27.472Z	+ /images/demo-img/testi-quote.png
2026-04-22T02:26:27.472Z	+ /images/demo-img/accordian-thumb-dot.png
2026-04-22T02:26:27.472Z	+ /images/demo-img/banner-shape1.png
2026-04-22T02:26:27.472Z	+ /images/demo-img/process-icon2.png
2026-04-22T02:26:27.473Z	+ /images/demo-img/banner-shape4.png
2026-04-22T02:26:27.473Z	+ /images/demo-img/banner-shape2.png
2026-04-22T02:26:27.473Z	+ /images/demo-img/about-cusor1.png
2026-04-22T02:26:27.475Z	+ /images/demo-img/chatbot-dot2.png
2026-04-22T02:26:27.476Z	+ /images/favicon.png
2026-04-22T02:26:27.476Z	+ /images/inner-img/marquee-icon.png
2026-04-22T02:26:27.476Z	+ /images/demo-img/call-arrow.png
2026-04-22T02:26:27.476Z	+ /images/demo-img/process-shape41.png
2026-04-22T02:26:27.476Z	+ /images/demo-img/testi-autor1.png
2026-04-22T02:26:27.476Z	+ /images/logo.png
2026-04-22T02:26:27.476Z	+ /images/demo-img/band-img2.png
2026-04-22T02:26:27.476Z	+ /js/nice-select.js
2026-04-22T02:26:27.476Z	+ /css/nice-select.css
2026-04-22T02:26:27.476Z	+ /_next/static/chunks/01xlw8hd842-c.js
2026-04-22T02:26:27.477Z	+ /css/meanmenu.min.css
2026-04-22T02:26:27.477Z	+ /images/demo-img/testi-box-effect42.png
2026-04-22T02:26:27.477Z	+ /js/ScrollToPlugin.min.js
2026-04-22T02:26:27.477Z	+ /images/demo-img/service-box-eff2.png
2026-04-22T02:26:27.478Z	+ /images/inner-img/team-box-eff2.png
2026-04-22T02:26:27.478Z	+ /images/demo-img/feature-thumb31.png
2026-04-22T02:26:27.478Z	+ /images/demo-img/choose-thumb-circle.png
2026-04-22T02:26:27.478Z	+ /images/demo-img/testi-thumb-circle.png
2026-04-22T02:26:27.478Z	+ /css/cusor-text.css
2026-04-22T02:26:27.479Z	+ /images/demo-img/pricing-top3.png
2026-04-22T02:26:27.479Z	+ /images/demo-img/testi-autor42.png
2026-04-22T02:26:27.479Z	+ /images/demo-img/process-actived-img.png
2026-04-22T02:26:27.479Z	+ /images/demo-img/accrodion-shape2.png
2026-04-22T02:26:27.479Z	+ /images/demo-img/process-shape2.png
2026-04-22T02:26:27.479Z	+ /js/jquery.meanmenu.js
2026-04-22T02:26:27.479Z	+ /images/demo-img/process-effient41.png
2026-04-22T02:26:27.479Z	+ /images/demo-img/testi-autor414.png
2026-04-22T02:26:27.479Z	+ /images/demo-img/about-thumb21.png
2026-04-22T02:26:27.480Z	+ /images/inner-img/team-thumb2.png
2026-04-22T02:26:27.480Z	+ /js/magnific.js
2026-04-22T02:26:27.480Z	+ /images/inner-img/about-dashbord3.png
2026-04-22T02:26:27.480Z	+ /images/inner-img/team-thumb1.png
2026-04-22T02:26:27.480Z	+ /images/demo-img/testi-box-eff2.png
2026-04-22T02:26:27.480Z	+ /_next/static/chunks/07tw6o_-xxc4_.js
2026-04-22T02:26:27.480Z	+ /favicon.ico
2026-04-22T02:26:27.480Z	+ /_next/static/chunks/0w.f71~jv9voy.js
2026-04-22T02:26:27.480Z	+ /_next/static/chunks/0i6kkzalh-0qe.js
2026-04-22T02:26:27.480Z	+ /_next/static/chunks/13dlz9cf1u0y8.js
2026-04-22T02:26:27.480Z	+ /_next/static/chunks/03a8geb1.c2k2.js
2026-04-22T02:26:27.480Z	+ /images/inner-img/team-details.jpg
2026-04-22T02:26:27.481Z	+ /images/demo-img/testi-thumb41.png
2026-04-22T02:26:27.481Z	+ /_next/static/chunks/03q3lure8_lym.js
2026-04-22T02:26:27.481Z	+ /images/demo-img/accrodion-effient.png
2026-04-22T02:26:27.481Z	+ /images/inner-img/blog-details-img1.png
2026-04-22T02:26:27.481Z	+ /_next/static/chunks/0zpj~6n3o6m33.js
2026-04-22T02:26:27.481Z	+ /css/responsive.css
2026-04-22T02:26:27.481Z	+ /images/demo-img/call-thumb11.png
2026-04-22T02:26:27.481Z	+ /images/inner-img/blog-details.jpg
2026-04-22T02:26:27.481Z	+ /images/demo-img/protfolio-thumb1.png
2026-04-22T02:26:27.481Z	+ /fonts/linearicons-free﹖4l2k0u.eot
2026-04-22T02:26:27.481Z	+ /images/inner-img/procss-shape2.png
2026-04-22T02:26:27.481Z	+ /images/inner-img/blog-details-img2.png
2026-04-22T02:26:27.482Z	+ /css/animate.css
2026-04-22T02:26:27.483Z	+ /images/inner-img/service-details-thumb.png
2026-04-22T02:26:27.483Z	+ /fonts/fa-brands-400.woff
2026-04-22T02:26:27.483Z	+ /images/demo-img/banner-bg2.jpg
2026-04-22T02:26:27.483Z	+ /images/inner-img/faq-bg.jpg
2026-04-22T02:26:27.483Z	+ /js/swiper.min.js
2026-04-22T02:26:27.483Z	+ /fonts/webfonts/fa-solid-900.woff2
2026-04-22T02:26:27.483Z	+ /fonts/webfonts/fa-brands-400.ttf
2026-04-22T02:26:27.483Z	+ /_next/static/chunks/0_gbj00jkwair.js
2026-04-22T02:26:27.483Z	+ /css/style.css
2026-04-22T02:26:27.483Z	+ /fonts/fa-regular-400.woff2
2026-04-22T02:26:27.484Z	+ /images/demo-img/protfolio-thumb2.png
2026-04-22T02:26:27.484Z	+ /fonts/fa-thin-100.woff2
2026-04-22T02:26:27.484Z	+ /images/demo-img/banner-bg1.png
2026-04-22T02:26:27.485Z	+ /css/fontawesome.css
2026-04-22T02:26:27.485Z	+ /fonts/fa-regular-400.ttf
2026-04-22T02:26:27.485Z	+ /fonts/fa-thin-100.ttf
2026-04-22T02:26:27.485Z	+ /fonts/AlimamaFangYuanTiVF-Thin.woff2
2026-04-22T02:26:27.485Z	+ /_next/static/xqAE5v8nor8KMSppnhpPk/_clientMiddlewareManifest.js
2026-04-22T02:26:27.485Z	+ /images/demo-img/footer-line3.png
2026-04-22T02:26:27.485Z	+ /_next/static/xqAE5v8nor8KMSppnhpPk/_buildManifest.js
2026-04-22T02:26:27.485Z	+ /images/demo-img/pricing-check.png
2026-04-22T02:26:27.485Z	+ /images/demo-img/binifits-icon22.png
2026-04-22T02:26:27.485Z	+ /images/demo-img/about-icon11.png
2026-04-22T02:26:27.486Z	+ /images/demo-img/process-icon40.png
2026-04-22T02:26:27.486Z	+ /images/demo-img/choose-icon2.png
2026-04-22T02:26:27.486Z	+ /images/demo-img/process-icon3.png
2026-04-22T02:26:27.486Z	+ /images/demo-img/banner-shape1.png
2026-04-22T02:26:27.486Z	+ /images/demo-img/service-icon3.png
2026-04-22T02:26:27.486Z	+ /images/demo-img/banner-shape4.png
2026-04-22T02:26:27.486Z	+ /images/demo-img/banner-shape2.png
2026-04-22T02:26:27.486Z	+ /images/demo-img/process-icon41.png
2026-04-22T02:26:27.486Z	+ /images/demo-img/feat-ai-line.png
2026-04-22T02:26:27.486Z	   (truncating changed assets log, set `WRANGLER_LOG=debug` environment variable to see full diff)
2026-04-22T02:26:30.992Z	Uploaded 85 of 255 assets
2026-04-22T02:26:31.934Z	Uploaded 170 of 255 assets
2026-04-22T02:26:32.352Z	Uploaded 255 of 255 assets
2026-04-22T02:26:32.353Z	✨ Success! Uploaded 255 files (4.88 sec)
2026-04-22T02:26:32.353Z	
2026-04-22T02:26:32.592Z	Total Upload: 8681.18 KiB / gzip: 2073.49 KiB
2026-04-22T02:26:33.292Z	Your Worker has access to the following bindings:
2026-04-22T02:26:33.292Z	Binding                                          Resource      
2026-04-22T02:26:33.292Z	env.WORKER_SELF_REFERENCE (template-nextjs)      Worker        
2026-04-22T02:26:33.292Z	env.IMAGES                                       Images        
2026-04-22T02:26:33.292Z	env.ASSETS                                       Assets        
2026-04-22T02:26:33.292Z	
2026-04-22T02:26:33.302Z	
2026-04-22T02:26:33.401Z	▲ [WARNING] Using direct eval with a bundler is not recommended and may cause problems [direct-eval]
2026-04-22T02:26:33.401Z	
2026-04-22T02:26:33.403Z	    .open-next/server-functions/default/handler.mjs:337:8:
2026-04-22T02:26:33.403Z	      337 │ }());`),eval(str)||{}}catch(err){if(wrap!==!1&&/(unexpected|ident...
2026-04-22T02:26:33.403Z	          ╵         ~~~~
2026-04-22T02:26:33.403Z	
2026-04-22T02:26:33.404Z	  You can read more about direct eval and bundling here: https://esbuild.github.io/link/direct-eval
2026-04-22T02:26:33.404Z	
2026-04-22T02:26:33.404Z	
2026-04-22T02:26:33.404Z	✘ [ERROR] A request to the Cloudflare API (/accounts/d7c15fe94d42cbdd196d37081d6f4f33/workers/scripts/surmox/versions) failed.
2026-04-22T02:26:33.404Z	
2026-04-22T02:26:33.404Z	  Service binding 'WORKER_SELF_REFERENCE' references Worker 'template-nextjs' which was not found. Verify the Worker exists in your account and that the service name in your configuration is correct. [code: 10143]
2026-04-22T02:26:33.404Z	  To learn more about this error, visit: https://developers.cloudflare.com/workers/configuration/bindings/about-service-bindings/
2026-04-22T02:26:33.404Z	
2026-04-22T02:26:33.404Z	  
2026-04-22T02:26:33.404Z	  If you think this is a bug, please open an issue at: https://github.com/cloudflare/workers-sdk/issues/new/choose
2026-04-22T02:26:33.404Z	
2026-04-22T02:26:33.404Z	
2026-04-22T02:26:33.404Z	🪵  Logs were written to "/opt/buildhome/.config/.wrangler/logs/wrangler-2026-04-22_02-26-22_570.log"
2026-04-22T02:26:33.405Z	ERROR Wrangler deploy command failed:
2026-04-22T02:26:33.405Z	▲ [WARNING] Using direct eval with a bundler is not recommended and may cause problems [direct-eval]
2026-04-22T02:26:33.405Z	
2026-04-22T02:26:33.405Z	    .open-next/server-functions/default/handler.mjs:337:8:
2026-04-22T02:26:33.405Z	      337 │ }());`),eval(str)||{}}catch(err){if(wrap!==!1&&/(unexpected|ident...
2026-04-22T02:26:33.405Z	          ╵         ~~~~
2026-04-22T02:26:33.405Z	
2026-04-22T02:26:33.405Z	  You can read more about direct eval and bundling here: https://esbuild.github.io/link/direct-eval
2026-04-22T02:26:33.405Z	
2026-04-22T02:26:33.406Z	
2026-04-22T02:26:33.406Z	✘ [ERROR] A request to the Cloudflare API (/accounts/d7c15fe94d42cbdd196d37081d6f4f33/workers/scripts/surmox/versions) failed.
2026-04-22T02:26:33.406Z	
2026-04-22T02:26:33.406Z	  Service binding 'WORKER_SELF_REFERENCE' references Worker 'template-nextjs' which was not found. Verify the Worker exists in your account and that the service name in your configuration is correct. [code: 10143]
2026-04-22T02:26:33.406Z	  To learn more about this error, visit: https://developers.cloudflare.com/workers/configuration/bindings/about-service-bindings/
2026-04-22T02:26:33.406Z	
2026-04-22T02:26:33.406Z	  
2026-04-22T02:26:33.406Z	  If you think this is a bug, please open an issue at: https://github.com/cloudflare/workers-sdk/issues/new/choose
2026-04-22T02:26:33.406Z	
2026-04-22T02:26:33.406Z	
2026-04-22T02:26:33.406Z	🪵  Logs were written to "/opt/buildhome/.config/.wrangler/logs/wrangler-2026-04-22_02-26-22_570.log"
2026-04-22T02:26:33.406Z	
2026-04-22T02:26:33.450Z	
2026-04-22T02:26:33.511Z	✘ [ERROR] 
2026-04-22T02:26:33.511Z	
2026-04-22T02:26:33.511Z	
2026-04-22T02:26:33.543Z	If you think this is a bug then please create an issue at https://github.com/cloudflare/workers-sdk/issues/new/choose
2026-04-22T02:26:33.544Z	? Would you like to report this error to Cloudflare? Wrangler's output and the error details will be shared with the Wrangler team to help us diagnose and fix the issue.
2026-04-22T02:26:33.545Z	🤖 Using fallback value in non-interactive context: no
2026-04-22T02:26:33.562Z	🪵  Logs were written to "/opt/buildhome/.config/.wrangler/logs/wrangler-2026-04-22_02-24-50_804.log"
2026-04-22T02:26:33.627Z	Failed: error occurred while running deploy command